<?xml version="1.0" encoding="utf-8"?><testsuites><testsuite errors="0" failures="0" hostname="tpea90086993" name="pytest" skipped="0" tests="0" time="0.031" timestamp="2020-01-10T13:28:41.148415"></testsuite></testsuites>